This file contains any messages produced by compilers while
running configure, to aid debugging if configure makes a mistake.

It was created by fzshellext configure 0.0.0, which was
generated by GNU Autoconf 2.69.  Invocation command line was

  $ /home/alex_buz/filezilla/src/fzshellext/configure --prefix=/usr --exec-prefix=NONE --host=x86_64-w64-mingw32

## --------- ##
## Platform. ##
## --------- ##

hostname = alexbuzPC
uname -m = x86_64
uname -r = 2.5.2(0.297/5/3)
uname -s = MSYS_NT-10.0
uname -v = 2016-07-15 08:31

/usr/bin/uname -p = unknown
/bin/uname -X     = unknown

/bin/arch              = x86_64
/usr/bin/arch -k       = unknown
/usr/convex/getsysinfo = unknown
/usr/bin/hostinfo      = unknown
/bin/machine           = unknown
/usr/bin/oslevel       = unknown
/bin/universe          = unknown

PATH: /home/alex_buz/prefix/bin
PATH: /mingw64/bin
PATH: /mingw32/bin
PATH: /usr/local/bin
PATH: /usr/bin
PATH: /bin
PATH: /opt/bin
PATH: /c/Windows/System32
PATH: /c/Windows
PATH: /c/Windows/System32/Wbem
PATH: /c/Windows/System32/WindowsPowerShell/v1.0/
PATH: /usr/bin/site_perl
PATH: /usr/bin/vendor_perl
PATH: /usr/bin/core_perl


## ----------- ##
## Core tests. ##
## ----------- ##

configure:2261: loading site script /etc/config.site
| # This file is in public domain.
| # Original author: Karlson2k (Evgeny Grin)
| # Written for MSys2 to help running 'configure' scripts
| 
| # Use correct config.site even if CONFIG_SITE is not set
| if test "x$MSYSTEM" = "xMINGW64"; then
|   if test -r "${MINGW_PREFIX-/mingw64}/etc/config.site"; then
|     . "${MINGW_PREFIX-/mingw64}/etc/config.site"
|   fi
| elif test "x$MSYSTEM" = "xMINGW32"; then
|   if test -r "${MINGW_PREFIX-/mingw32}/etc/config.site"; then
|     . "${MINGW_PREFIX-/mingw32}/etc/config.site"
|   fi
| else
|   # Defaults for MSys2-targeted programs
| 
|   # Set proper selfname on bash and fallback to default name on other shells
|   test -n "${BASH_SOURCE}" 2>/dev/null && config_site_me="${BASH_SOURCE[0]##*/}" || config_site_me=config.site
| 
|   # Set default 'host' to speedup configure
|   if test -z "$build_alias"; then
|     build_alias="${MSYSTEM_CARCH-x86_64}-pc-msys"  && \
|       $as_echo "$config_site_me:${as_lineno-$LINENO}: default build_alias set to $build_alias" >&5 
|   fi
| 
|   # Set default 'prefix' to "/usr"
|   if ( test -z "$prefix" || test "x$prefix" = "xNONE" ) && \
|      ( test -z "$exec_prefix" || test "x$exec_prefix" = "xNONE" ); then
|     prefix="${MSYSTEM_PREFIX-/usr}" && \
|       $as_echo "$config_site_me:${as_lineno-$LINENO}: default prefix set to $prefix" >&5
|   fi
| 
| fi
config.site:23: default build_alias set to x86_64-pc-msys
configure:2405: checking for a BSD-compatible install
configure:2473: result: /usr/bin/install -c
configure:2484: checking whether build environment is sane
configure:2539: result: yes
configure:2598: checking for x86_64-w64-mingw32-strip
configure:2628: result: no
configure:2638: checking for strip
configure:2654: found /mingw64/bin/strip
configure:2665: result: strip
configure:2690: checking for a thread-safe mkdir -p
configure:2729: result: /usr/bin/mkdir -p
configure:2736: checking for gawk
configure:2752: found /usr/bin/gawk
configure:2763: result: gawk
configure:2774: checking whether make sets $(MAKE)
configure:2796: result: yes
configure:2825: checking whether make supports nested variables
configure:2842: result: yes
configure:2982: checking build system type
configure:2996: result: x86_64-pc-msys
configure:3016: checking host system type
configure:3029: result: x86_64-w64-mingw32
configure:3096: checking how to print strings
configure:3123: result: printf
configure:3156: checking for style of include used by make
configure:3184: result: GNU
configure:3215: checking for x86_64-w64-mingw32-gcc
configure:3231: found /mingw64/bin/x86_64-w64-mingw32-gcc
configure:3242: result: x86_64-w64-mingw32-gcc
configure:3511: checking for C compiler version
configure:3520: x86_64-w64-mingw32-gcc --version >&5
x86_64-w64-mingw32-gcc.exe (Rev1, Built by MSYS2 project) 6.1.0
Copyright (C) 2016 Free Software Foundation, Inc.
This is free software; see the source for copying conditions.  There is NO
warranty; not even for MERCHANTABILITY or FITNESS FOR A PARTICULAR PURPOSE.

configure:3531: $? = 0
configure:3520: x86_64-w64-mingw32-gcc -v >&5
Using built-in specs.
COLLECT_GCC=C:\tmp\msys64\mingw64\bin\x86_64-w64-mingw32-gcc.exe
COLLECT_LTO_WRAPPER=C:/tmp/msys64/mingw64/bin/../lib/gcc/x86_64-w64-mingw32/6.1.0/lto-wrapper.exe
Target: x86_64-w64-mingw32
Configured with: ../gcc-6.1.0/configure --prefix=/mingw64 --with-local-prefix=/mingw64/local --build=x86_64-w64-mingw32 --host=x86_64-w64-mingw32 --target=x86_64-w64-mingw32 --with-native-system-header-dir=/mingw64/x86_64-w64-mingw32/include --libexecdir=/mingw64/lib --enable-bootstrap --with-arch=x86-64 --with-tune=generic --enable-languages=c,lto,c++,objc,obj-c++,fortran,ada --enable-shared --enable-static --enable-libatomic --enable-threads=posix --enable-graphite --enable-fully-dynamic-string --enable-libstdcxx-time=yes --disable-libstdcxx-pch --disable-libstdcxx-debug --disable-isl-version-check --enable-lto --enable-libgomp --disable-multilib --enable-checking=release --disable-rpath --disable-win32-registry --disable-nls --disable-werror --disable-symvers --with-libiconv --with-system-zlib --with-gmp=/mingw64 --with-mpfr=/mingw64 --with-mpc=/mingw64 --with-isl=/mingw64 --with-pkgversion='Rev1, Built by MSYS2 project' --with-bugurl=https://sourceforge.net/projects/msys2 --with-gnu-as --with-gnu-ld
Thread model: posix
gcc version 6.1.0 (Rev1, Built by MSYS2 project) 
configure:3531: $? = 0
configure:3520: x86_64-w64-mingw32-gcc -V >&5
x86_64-w64-mingw32-gcc.exe: error: unrecognized command line option '-V'
x86_64-w64-mingw32-gcc.exe: fatal error: no input files
compilation terminated.
configure:3531: $? = 1
configure:3520: x86_64-w64-mingw32-gcc -qversion >&5
x86_64-w64-mingw32-gcc.exe: error: unrecognized command line option '-qversion'; did you mean '--version'?
x86_64-w64-mingw32-gcc.exe: fatal error: no input files
compilation terminated.
configure:3531: $? = 1
configure:3551: checking whether the C compiler works
configure:3573: x86_64-w64-mingw32-gcc   -static-libgcc -static-libstdc++ conftest.c  >&5
configure:3577: $? = 0
configure:3625: result: yes
configure:3628: checking for C compiler default output file name
configure:3630: result: a.exe
configure:3636: checking for suffix of executables
configure:3643: x86_64-w64-mingw32-gcc -o conftest.exe   -static-libgcc -static-libstdc++ conftest.c  >&5
configure:3647: $? = 0
configure:3669: result: .exe
configure:3691: checking whether we are cross compiling
configure:3699: x86_64-w64-mingw32-gcc -o conftest.exe   -static-libgcc -static-libstdc++ conftest.c  >&5
configure:3703: $? = 0
configure:3710: ./conftest.exe
configure:3714: $? = 0
configure:3729: result: no
configure:3734: checking for suffix of object files
configure:3756: x86_64-w64-mingw32-gcc -c   conftest.c >&5
configure:3760: $? = 0
configure:3781: result: o
configure:3785: checking whether we are using the GNU C compiler
configure:3804: x86_64-w64-mingw32-gcc -c   conftest.c >&5
configure:3804: $? = 0
configure:3813: result: yes
configure:3822: checking whether x86_64-w64-mingw32-gcc accepts -g
configure:3842: x86_64-w64-mingw32-gcc -c -g  conftest.c >&5
configure:3842: $? = 0
configure:3883: result: yes
configure:3900: checking for x86_64-w64-mingw32-gcc option to accept ISO C89
configure:3963: x86_64-w64-mingw32-gcc  -c -g -O2  conftest.c >&5
configure:3963: $? = 0
configure:3976: result: none needed
configure:4001: checking whether x86_64-w64-mingw32-gcc understands -c and -o together
configure:4023: x86_64-w64-mingw32-gcc -c conftest.c -o conftest2.o
configure:4026: $? = 0
configure:4023: x86_64-w64-mingw32-gcc -c conftest.c -o conftest2.o
configure:4026: $? = 0
configure:4038: result: yes
configure:4057: checking dependency style of x86_64-w64-mingw32-gcc
configure:4168: result: gcc3
configure:4183: checking for a sed that does not truncate output
configure:4247: result: /usr/bin/sed
configure:4265: checking for grep that handles long lines and -e
configure:4323: result: /usr/bin/grep
configure:4328: checking for egrep
configure:4390: result: /usr/bin/grep -E
configure:4395: checking for fgrep
configure:4457: result: /usr/bin/grep -F
configure:4492: checking for ld used by x86_64-w64-mingw32-gcc
configure:4559: result: C:/tmp/msys64/mingw64/x86_64-w64-mingw32/bin/ld.exe
configure:4566: checking if the linker (C:/tmp/msys64/mingw64/x86_64-w64-mingw32/bin/ld.exe) is GNU ld
configure:4581: result: yes
configure:4593: checking for BSD- or MS-compatible name lister (nm)
configure:4647: result: no
configure:4661: checking for x86_64-w64-mingw32-dumpbin
configure:4691: result: no
configure:4661: checking for x86_64-w64-mingw32-link
configure:4691: result: no
configure:4705: checking for dumpbin
configure:4735: result: no
configure:4705: checking for link
configure:4721: found /usr/bin/link
configure:4732: result: link -dump
configure:4777: checking the name lister (nm) interface
configure:4784: x86_64-w64-mingw32-gcc -c -g -O2  conftest.c >&5
configure:4787: nm "conftest.o"
configure:4790: output
0000000000000000 b .bss
0000000000000000 d .data
0000000000000000 N .debug_abbrev
0000000000000000 N .debug_aranges
0000000000000000 N .debug_info
0000000000000000 N .debug_line
0000000000000000 r .rdata$zzz
0000000000000000 t .text
0000000000000000 B some_variable
configure:4797: result: BSD nm
configure:4800: checking whether ln -s works
configure:4807: result: no, using cp -pR
configure:4812: checking the maximum length of command line arguments
configure:4943: result: 8192
configure:4991: checking how to convert x86_64-pc-msys file names to x86_64-w64-mingw32 format
configure:5031: result: func_convert_file_cygwin_to_w32
configure:5038: checking how to convert x86_64-pc-msys file names to toolchain format
configure:5058: result: func_convert_file_noop
configure:5065: checking for C:/tmp/msys64/mingw64/x86_64-w64-mingw32/bin/ld.exe option to reload object files
configure:5072: result: -r
configure:5106: checking for x86_64-w64-mingw32-objdump
configure:5136: result: no
configure:5146: checking for objdump
configure:5162: found /mingw64/bin/objdump
configure:5173: result: objdump
configure:5205: checking how to recognize dependent libraries
configure:5405: result: file_magic ^x86 archive import|^x86 DLL
configure:5450: checking for x86_64-w64-mingw32-dlltool
configure:5480: result: no
configure:5490: checking for dlltool
configure:5506: found /mingw64/bin/dlltool
configure:5517: result: dlltool
configure:5550: checking how to associate runtime and link libraries
configure:5577: result: func_cygming_dll_for_implib
configure:5594: checking for x86_64-w64-mingw32-ar
configure:5624: result: no
configure:5638: checking for ar
configure:5654: found /mingw64/bin/ar
configure:5665: result: ar
configure:5702: checking for archiver @FILE support
configure:5719: x86_64-w64-mingw32-gcc -c -g -O2  conftest.c >&5
configure:5719: $? = 0
configure:5722: ar cru libconftest.a @conftest.lst >&5
configure:5725: $? = 0
configure:5730: ar cru libconftest.a @conftest.lst >&5
C:\tmp\msys64\mingw64\bin\ar.exe: conftest.o: No such file or directory
configure:5733: $? = 1
configure:5745: result: @
configure:5763: checking for x86_64-w64-mingw32-strip
configure:5790: result: strip
configure:5862: checking for x86_64-w64-mingw32-ranlib
configure:5892: result: no
configure:5902: checking for ranlib
configure:5918: found /mingw64/bin/ranlib
configure:5929: result: ranlib
configure:6031: checking command to parse nm output from x86_64-w64-mingw32-gcc object
configure:6184: x86_64-w64-mingw32-gcc -c -g -O2  conftest.c >&5
configure:6187: $? = 0
configure:6191: nm conftest.o \| sed -n -e 's/^.*[ ]\([ABCDGIRSTW][ABCDGIRSTW]*\)[ ][ ]*\([_A-Za-z][_A-Za-z0-9]*\)$/\1 \2 \2/p' | sed '/ __gnu_lto/d' \> conftest.nm
configure:6194: $? = 0
configure:6260: x86_64-w64-mingw32-gcc -o conftest.exe -g -O2  -static-libgcc -static-libstdc++ conftest.c conftstm.o >&5
configure:6263: $? = 0
configure:6301: result: ok
configure:6348: checking for sysroot
configure:6378: result: no
configure:6385: checking for a working dd
configure:6423: result: /usr/bin/dd
configure:6427: checking how to truncate binary pipes
configure:6442: result: /usr/bin/dd bs=4096 count=1
configure:6731: checking for x86_64-w64-mingw32-mt
configure:6761: result: no
configure:6771: checking for mt
configure:6801: result: no
configure:6821: checking if : is a manifest tool
configure:6827: : '-?'
configure:6835: result: no
configure:7512: checking how to run the C preprocessor
configure:7543: x86_64-w64-mingw32-gcc -E  conftest.c
configure:7543: $? = 0
configure:7557: x86_64-w64-mingw32-gcc -E  conftest.c
conftest.c:11:28: fatal error: ac_nonexistent.h: No such file or directory
 #include <ac_nonexistent.h>
                            ^
compilation terminated.
configure:7557: $? = 1
configure: failed program was:
| /* confdefs.h */
| #define PACKAGE_NAME "fzshellext"
| #define PACKAGE_TARNAME "fzshellext"
| #define PACKAGE_VERSION "0.0.0"
| #define PACKAGE_STRING "fzshellext 0.0.0"
| #define PACKAGE_BUGREPORT "tim.kosse@filezilla-project.org"
| #define PACKAGE_URL "https://filezilla-project.org/"
| #define PACKAGE "fzshellext"
| #define VERSION "0.0.0"
| /* end confdefs.h.  */
| #include <ac_nonexistent.h>
configure:7582: result: x86_64-w64-mingw32-gcc -E
configure:7602: x86_64-w64-mingw32-gcc -E  conftest.c
configure:7602: $? = 0
configure:7616: x86_64-w64-mingw32-gcc -E  conftest.c
conftest.c:11:28: fatal error: ac_nonexistent.h: No such file or directory
 #include <ac_nonexistent.h>
                            ^
compilation terminated.
configure:7616: $? = 1
configure: failed program was:
| /* confdefs.h */
| #define PACKAGE_NAME "fzshellext"
| #define PACKAGE_TARNAME "fzshellext"
| #define PACKAGE_VERSION "0.0.0"
| #define PACKAGE_STRING "fzshellext 0.0.0"
| #define PACKAGE_BUGREPORT "tim.kosse@filezilla-project.org"
| #define PACKAGE_URL "https://filezilla-project.org/"
| #define PACKAGE "fzshellext"
| #define VERSION "0.0.0"
| /* end confdefs.h.  */
| #include <ac_nonexistent.h>
configure:7645: checking for ANSI C header files
configure:7665: x86_64-w64-mingw32-gcc -c -g -O2  conftest.c >&5
configure:7665: $? = 0
configure:7738: x86_64-w64-mingw32-gcc -o conftest.exe -g -O2  -static-libgcc -static-libstdc++ conftest.c  >&5
configure:7738: $? = 0
configure:7738: ./conftest.exe
configure:7738: $? = 0
configure:7749: result: yes
configure:7762: checking for sys/types.h
configure:7762: x86_64-w64-mingw32-gcc -c -g -O2  conftest.c >&5
configure:7762: $? = 0
configure:7762: result: yes
configure:7762: checking for sys/stat.h
configure:7762: x86_64-w64-mingw32-gcc -c -g -O2  conftest.c >&5
configure:7762: $? = 0
configure:7762: result: yes
configure:7762: checking for stdlib.h
configure:7762: x86_64-w64-mingw32-gcc -c -g -O2  conftest.c >&5
configure:7762: $? = 0
configure:7762: result: yes
configure:7762: checking for string.h
configure:7762: x86_64-w64-mingw32-gcc -c -g -O2  conftest.c >&5
configure:7762: $? = 0
configure:7762: result: yes
configure:7762: checking for memory.h
configure:7762: x86_64-w64-mingw32-gcc -c -g -O2  conftest.c >&5
configure:7762: $? = 0
configure:7762: result: yes
configure:7762: checking for strings.h
configure:7762: x86_64-w64-mingw32-gcc -c -g -O2  conftest.c >&5
configure:7762: $? = 0
configure:7762: result: yes
configure:7762: checking for inttypes.h
configure:7762: x86_64-w64-mingw32-gcc -c -g -O2  conftest.c >&5
configure:7762: $? = 0
configure:7762: result: yes
configure:7762: checking for stdint.h
configure:7762: x86_64-w64-mingw32-gcc -c -g -O2  conftest.c >&5
configure:7762: $? = 0
configure:7762: result: yes
configure:7762: checking for unistd.h
configure:7762: x86_64-w64-mingw32-gcc -c -g -O2  conftest.c >&5
configure:7762: $? = 0
configure:7762: result: yes
configure:7776: checking for dlfcn.h
configure:7776: x86_64-w64-mingw32-gcc -c -g -O2  conftest.c >&5
conftest.c:55:19: fatal error: dlfcn.h: No such file or directory
 #include <dlfcn.h>
                   ^
compilation terminated.
configure:7776: $? = 1
configure: failed program was:
| /* confdefs.h */
| #define PACKAGE_NAME "fzshellext"
| #define PACKAGE_TARNAME "fzshellext"
| #define PACKAGE_VERSION "0.0.0"
| #define PACKAGE_STRING "fzshellext 0.0.0"
| #define PACKAGE_BUGREPORT "tim.kosse@filezilla-project.org"
| #define PACKAGE_URL "https://filezilla-project.org/"
| #define PACKAGE "fzshellext"
| #define VERSION "0.0.0"
| #define STDC_HEADERS 1
| #define HAVE_SYS_TYPES_H 1
| #define HAVE_SYS_STAT_H 1
| #define HAVE_STDLIB_H 1
| #define HAVE_STRING_H 1
| #define HAVE_MEMORY_H 1
| #define HAVE_STRINGS_H 1
| #define HAVE_INTTYPES_H 1
| #define HAVE_STDINT_H 1
| #define HAVE_UNISTD_H 1
| /* end confdefs.h.  */
| #include <stdio.h>
| #ifdef HAVE_SYS_TYPES_H
| # include <sys/types.h>
| #endif
| #ifdef HAVE_SYS_STAT_H
| # include <sys/stat.h>
| #endif
| #ifdef STDC_HEADERS
| # include <stdlib.h>
| # include <stddef.h>
| #else
| # ifdef HAVE_STDLIB_H
| #  include <stdlib.h>
| # endif
| #endif
| #ifdef HAVE_STRING_H
| # if !defined STDC_HEADERS && defined HAVE_MEMORY_H
| #  include <memory.h>
| # endif
| # include <string.h>
| #endif
| #ifdef HAVE_STRINGS_H
| # include <strings.h>
| #endif
| #ifdef HAVE_INTTYPES_H
| # include <inttypes.h>
| #endif
| #ifdef HAVE_STDINT_H
| # include <stdint.h>
| #endif
| #ifdef HAVE_UNISTD_H
| # include <unistd.h>
| #endif
| 
| #include <dlfcn.h>
configure:7776: result: no
configure:8032: checking for objdir
configure:8047: result: .libs
configure:8311: checking if x86_64-w64-mingw32-gcc supports -fno-rtti -fno-exceptions
configure:8329: x86_64-w64-mingw32-gcc -c -g -O2  -fno-rtti -fno-exceptions conftest.c >&5
cc1.exe: warning: command line option '-fno-rtti' is valid for C++/ObjC++ but not for C
configure:8333: $? = 0
configure:8346: result: no
configure:8704: checking for x86_64-w64-mingw32-gcc option to produce PIC
configure:8711: result: -DDLL_EXPORT -DPIC
configure:8719: checking if x86_64-w64-mingw32-gcc PIC flag -DDLL_EXPORT -DPIC works
configure:8737: x86_64-w64-mingw32-gcc -c -g -O2  -DDLL_EXPORT -DPIC -DPIC conftest.c >&5
configure:8741: $? = 0
configure:8754: result: yes
configure:8783: checking if x86_64-w64-mingw32-gcc static flag -static works
configure:8811: result: yes
configure:8826: checking if x86_64-w64-mingw32-gcc supports -c -o file.o
configure:8847: x86_64-w64-mingw32-gcc -c -g -O2  -o out/conftest2.o conftest.c >&5
configure:8851: $? = 0
configure:8873: result: yes
configure:8881: checking if x86_64-w64-mingw32-gcc supports -c -o file.o
configure:8928: result: yes
configure:8961: checking whether the x86_64-w64-mingw32-gcc linker (C:/tmp/msys64/mingw64/x86_64-w64-mingw32/bin/ld.exe) supports shared libraries
configure:10220: result: yes
configure:10257: checking whether -lc should be explicitly linked in
configure:10265: x86_64-w64-mingw32-gcc -c -g -O2  conftest.c >&5
configure:10268: $? = 0
configure:10283: x86_64-w64-mingw32-gcc -shared conftest.o  -v -o ./conftest -Wl,--enable-auto-image-base -Xlinker --out-implib -Xlinker conftest 2\>\&1 \| /usr/bin/grep  -lc  \>/dev/null 2\>\&1
configure:10286: $? = 1
configure:10300: result: yes
configure:10460: checking dynamic linker characteristics
configure:11284: result: Win32 ld.exe
configure:11406: checking how to hardcode library paths into programs
configure:11431: result: immediate
configure:11979: checking whether stripping libraries is possible
configure:11984: result: yes
configure:12019: checking if libtool supports shared libraries
configure:12021: result: yes
configure:12024: checking whether to build shared libraries
configure:12049: result: yes
configure:12052: checking whether to build static libraries
configure:12056: result: yes
configure:12107: checking for x86_64-w64-mingw32-g++
configure:12123: found /mingw64/bin/x86_64-w64-mingw32-g++
configure:12134: result: x86_64-w64-mingw32-g++
configure:12205: checking for C++ compiler version
configure:12214: x86_64-w64-mingw32-g++ --version >&5
x86_64-w64-mingw32-g++.exe (Rev1, Built by MSYS2 project) 6.1.0
Copyright (C) 2016 Free Software Foundation, Inc.
This is free software; see the source for copying conditions.  There is NO
warranty; not even for MERCHANTABILITY or FITNESS FOR A PARTICULAR PURPOSE.

configure:12225: $? = 0
configure:12214: x86_64-w64-mingw32-g++ -v >&5
Using built-in specs.
COLLECT_GCC=C:\tmp\msys64\mingw64\bin\x86_64-w64-mingw32-g++.exe
COLLECT_LTO_WRAPPER=C:/tmp/msys64/mingw64/bin/../lib/gcc/x86_64-w64-mingw32/6.1.0/lto-wrapper.exe
Target: x86_64-w64-mingw32
Configured with: ../gcc-6.1.0/configure --prefix=/mingw64 --with-local-prefix=/mingw64/local --build=x86_64-w64-mingw32 --host=x86_64-w64-mingw32 --target=x86_64-w64-mingw32 --with-native-system-header-dir=/mingw64/x86_64-w64-mingw32/include --libexecdir=/mingw64/lib --enable-bootstrap --with-arch=x86-64 --with-tune=generic --enable-languages=c,lto,c++,objc,obj-c++,fortran,ada --enable-shared --enable-static --enable-libatomic --enable-threads=posix --enable-graphite --enable-fully-dynamic-string --enable-libstdcxx-time=yes --disable-libstdcxx-pch --disable-libstdcxx-debug --disable-isl-version-check --enable-lto --enable-libgomp --disable-multilib --enable-checking=release --disable-rpath --disable-win32-registry --disable-nls --disable-werror --disable-symvers --with-libiconv --with-system-zlib --with-gmp=/mingw64 --with-mpfr=/mingw64 --with-mpc=/mingw64 --with-isl=/mingw64 --with-pkgversion='Rev1, Built by MSYS2 project' --with-bugurl=https://sourceforge.net/projects/msys2 --with-gnu-as --with-gnu-ld
Thread model: posix
gcc version 6.1.0 (Rev1, Built by MSYS2 project) 
configure:12225: $? = 0
configure:12214: x86_64-w64-mingw32-g++ -V >&5
x86_64-w64-mingw32-g++.exe: error: unrecognized command line option '-V'
x86_64-w64-mingw32-g++.exe: fatal error: no input files
compilation terminated.
configure:12225: $? = 1
configure:12214: x86_64-w64-mingw32-g++ -qversion >&5
x86_64-w64-mingw32-g++.exe: error: unrecognized command line option '-qversion'; did you mean '--version'?
x86_64-w64-mingw32-g++.exe: fatal error: no input files
compilation terminated.
configure:12225: $? = 1
configure:12229: checking whether we are using the GNU C++ compiler
configure:12248: x86_64-w64-mingw32-g++ -c   conftest.cpp >&5
configure:12248: $? = 0
configure:12257: result: yes
configure:12266: checking whether x86_64-w64-mingw32-g++ accepts -g
configure:12286: x86_64-w64-mingw32-g++ -c -g  conftest.cpp >&5
configure:12286: $? = 0
configure:12327: result: yes
configure:12352: checking dependency style of x86_64-w64-mingw32-g++
configure:12463: result: gcc3
configure:12497: checking how to run the C++ preprocessor
configure:12524: x86_64-w64-mingw32-g++ -E  conftest.cpp
configure:12524: $? = 0
configure:12538: x86_64-w64-mingw32-g++ -E  conftest.cpp
conftest.cpp:22:28: fatal error: ac_nonexistent.h: No such file or directory
 #include <ac_nonexistent.h>
                            ^
compilation terminated.
configure:12538: $? = 1
configure: failed program was:
| /* confdefs.h */
| #define PACKAGE_NAME "fzshellext"
| #define PACKAGE_TARNAME "fzshellext"
| #define PACKAGE_VERSION "0.0.0"
| #define PACKAGE_STRING "fzshellext 0.0.0"
| #define PACKAGE_BUGREPORT "tim.kosse@filezilla-project.org"
| #define PACKAGE_URL "https://filezilla-project.org/"
| #define PACKAGE "fzshellext"
| #define VERSION "0.0.0"
| #define STDC_HEADERS 1
| #define HAVE_SYS_TYPES_H 1
| #define HAVE_SYS_STAT_H 1
| #define HAVE_STDLIB_H 1
| #define HAVE_STRING_H 1
| #define HAVE_MEMORY_H 1
| #define HAVE_STRINGS_H 1
| #define HAVE_INTTYPES_H 1
| #define HAVE_STDINT_H 1
| #define HAVE_UNISTD_H 1
| #define LT_OBJDIR ".libs/"
| /* end confdefs.h.  */
| #include <ac_nonexistent.h>
configure:12563: result: x86_64-w64-mingw32-g++ -E
configure:12583: x86_64-w64-mingw32-g++ -E  conftest.cpp
configure:12583: $? = 0
configure:12597: x86_64-w64-mingw32-g++ -E  conftest.cpp
conftest.cpp:22:28: fatal error: ac_nonexistent.h: No such file or directory
 #include <ac_nonexistent.h>
                            ^
compilation terminated.
configure:12597: $? = 1
configure: failed program was:
| /* confdefs.h */
| #define PACKAGE_NAME "fzshellext"
| #define PACKAGE_TARNAME "fzshellext"
| #define PACKAGE_VERSION "0.0.0"
| #define PACKAGE_STRING "fzshellext 0.0.0"
| #define PACKAGE_BUGREPORT "tim.kosse@filezilla-project.org"
| #define PACKAGE_URL "https://filezilla-project.org/"
| #define PACKAGE "fzshellext"
| #define VERSION "0.0.0"
| #define STDC_HEADERS 1
| #define HAVE_SYS_TYPES_H 1
| #define HAVE_SYS_STAT_H 1
| #define HAVE_STDLIB_H 1
| #define HAVE_STRING_H 1
| #define HAVE_MEMORY_H 1
| #define HAVE_STRINGS_H 1
| #define HAVE_INTTYPES_H 1
| #define HAVE_STDINT_H 1
| #define HAVE_UNISTD_H 1
| #define LT_OBJDIR ".libs/"
| /* end confdefs.h.  */
| #include <ac_nonexistent.h>
configure:12759: checking for ld used by x86_64-w64-mingw32-g++
configure:12826: result: C:/tmp/msys64/mingw64/x86_64-w64-mingw32/bin/ld.exe
configure:12833: checking if the linker (C:/tmp/msys64/mingw64/x86_64-w64-mingw32/bin/ld.exe) is GNU ld
configure:12848: result: yes
configure:12903: checking whether the x86_64-w64-mingw32-g++ linker (C:/tmp/msys64/mingw64/x86_64-w64-mingw32/bin/ld.exe) supports shared libraries
configure:13976: result: yes
configure:14012: x86_64-w64-mingw32-g++ -c -g -O2  conftest.cpp >&5
configure:14015: $? = 0
configure:14496: checking for x86_64-w64-mingw32-g++ option to produce PIC
configure:14503: result: -DDLL_EXPORT -DPIC
configure:14511: checking if x86_64-w64-mingw32-g++ PIC flag -DDLL_EXPORT -DPIC works
configure:14529: x86_64-w64-mingw32-g++ -c -g -O2  -DDLL_EXPORT -DPIC -DPIC conftest.cpp >&5
configure:14533: $? = 0
configure:14546: result: yes
configure:14569: checking if x86_64-w64-mingw32-g++ static flag -static works
configure:14597: result: yes
configure:14609: checking if x86_64-w64-mingw32-g++ supports -c -o file.o
configure:14630: x86_64-w64-mingw32-g++ -c -g -O2  -o out/conftest2.o conftest.cpp >&5
configure:14634: $? = 0
configure:14656: result: yes
configure:14661: checking if x86_64-w64-mingw32-g++ supports -c -o file.o
configure:14708: result: yes
configure:14738: checking whether the x86_64-w64-mingw32-g++ linker (C:/tmp/msys64/mingw64/x86_64-w64-mingw32/bin/ld.exe) supports shared libraries
configure:14778: result: yes
configure:14919: checking dynamic linker characteristics
configure:15669: result: Win32 ld.exe
configure:15734: checking how to hardcode library paths into programs
configure:15759: result: immediate
configure:15893: checking whether the compiler actually targets MinGW
configure:15906: result: yes
configure:15922: checking whether x86_64-w64-mingw32-g++ supports C++14 features by default
configure:15994: x86_64-w64-mingw32-g++ -c -g -O2 -Wall -g  conftest.cpp >&5
configure:15994: $? = 0
configure:16001: result: yes
configure:16232: checking for whether we need -stdlib=libc++
configure:16254: x86_64-w64-mingw32-g++ -c -g -O2 -Wall -g  conftest.cpp >&5
configure:16254: $? = 0
configure:16256: result: no
configure:16394: checking shlobj.h usability
configure:16394: x86_64-w64-mingw32-gcc -c -g -O2 -Wall -g  conftest.c >&5
configure:16394: $? = 0
configure:16394: result: yes
configure:16394: checking shlobj.h presence
configure:16394: x86_64-w64-mingw32-gcc -E  conftest.c
configure:16394: $? = 0
configure:16394: result: yes
configure:16394: checking for shlobj.h
configure:16394: result: yes
configure:16428: checking whether to use windres
configure:16431: result: yes
configure:16436: checking for x86_64-w64-mingw32-windres
configure:16452: found /mingw64/bin/x86_64-w64-mingw32-windres
configure:16463: result: x86_64-w64-mingw32-windres
configure:16540: checking whether MinGW headers declare ICopyHookW
configure:16561: x86_64-w64-mingw32-gcc -c -g -O2 -Wall -g  conftest.c >&5
conftest.c: In function 'main':
conftest.c:31:17: warning: unused variable 'foo' [-Wunused-variable]
     ICopyHookW* foo;
                 ^~~
configure:16561: $? = 0
configure:16563: result: yes
configure:16595: checking whether the linker accepts -Wl,--dynamicbase
configure:16614: x86_64-w64-mingw32-gcc -o conftest.exe -g -O2 -Wall -g  -static-libgcc -static-libstdc++  -Wl,--dynamicbase conftest.c  >&5
configure:16614: $? = 0
configure:16623: result: yes
configure:16631: checking whether the linker accepts -Wl,--nxcompat
configure:16650: x86_64-w64-mingw32-gcc -o conftest.exe -g -O2 -Wall -g  -static-libgcc -static-libstdc++ -Wl,--dynamicbase  -Wl,--nxcompat conftest.c  >&5
configure:16650: $? = 0
configure:16659: result: yes
configure:16672: checking whether the linker accepts -Wl,--major-subsystem-version -Wl,6
configure:16691: x86_64-w64-mingw32-gcc -o conftest.exe -g -O2 -Wall -g  -static-libgcc -static-libstdc++ -Wl,--dynamicbase -Wl,--nxcompat  -Wl,--major-subsystem-version -Wl,6 conftest.c  >&5
configure:16691: $? = 0
configure:16700: result: yes
configure:16708: checking whether the linker accepts -Wl,--minor-subsystem-version -Wl,0
configure:16727: x86_64-w64-mingw32-gcc -o conftest.exe -g -O2 -Wall -g  -static-libgcc -static-libstdc++ -Wl,--dynamicbase -Wl,--nxcompat -Wl,--major-subsystem-version -Wl,6  -Wl,--minor-subsystem-version -Wl,0 conftest.c  >&5
configure:16727: $? = 0
configure:16736: result: yes
configure:16744: checking whether the linker accepts -Wl,--major-os-version -Wl,6
configure:16763: x86_64-w64-mingw32-gcc -o conftest.exe -g -O2 -Wall -g  -static-libgcc -static-libstdc++ -Wl,--dynamicbase -Wl,--nxcompat -Wl,--major-subsystem-version -Wl,6 -Wl,--minor-subsystem-version -Wl,0  -Wl,--major-os-version -Wl,6 conftest.c  >&5
configure:16763: $? = 0
configure:16772: result: yes
configure:16780: checking whether the linker accepts -Wl,--minor-os-version -Wl,0
configure:16799: x86_64-w64-mingw32-gcc -o conftest.exe -g -O2 -Wall -g  -static-libgcc -static-libstdc++ -Wl,--dynamicbase -Wl,--nxcompat -Wl,--major-subsystem-version -Wl,6 -Wl,--minor-subsystem-version -Wl,0 -Wl,--major-os-version -Wl,6  -Wl,--minor-os-version -Wl,0 conftest.c  >&5
configure:16799: $? = 0
configure:16808: result: yes
configure:16991: checking that generated files are newer than configure
configure:16997: result: done
configure:17032: creating ./config.status

## ---------------------- ##
## Running config.status. ##
## ---------------------- ##

This file was extended by fzshellext config.status 0.0.0, which was
generated by GNU Autoconf 2.69.  Invocation command line was

  CONFIG_FILES    = 
  CONFIG_HEADERS  = 
  CONFIG_LINKS    = 
  CONFIG_COMMANDS = 
  $ ./config.status 

on alexbuzPC

config.status:1174: creating Makefile
config.status:1174: creating config.h
config.status:1340: config.h is unchanged
config.status:1388: executing depfiles commands
config.status:1388: executing libtool commands

## ---------------- ##
## Cache variables. ##
## ---------------- ##

_cv_cxx_compile_cxx14=yes
ac_cv_build=x86_64-pc-msys
ac_cv_c_compiler_gnu=yes
ac_cv_cxx_compiler_gnu=yes
ac_cv_env_CCC_set=
ac_cv_env_CCC_value=
ac_cv_env_CC_set=
ac_cv_env_CC_value=
ac_cv_env_CFLAGS_set=
ac_cv_env_CFLAGS_value=
ac_cv_env_CPPFLAGS_set=
ac_cv_env_CPPFLAGS_value=
ac_cv_env_CPP_set=
ac_cv_env_CPP_value=
ac_cv_env_CXXCPP_set=
ac_cv_env_CXXCPP_value=
ac_cv_env_CXXFLAGS_set=
ac_cv_env_CXXFLAGS_value=
ac_cv_env_CXX_set=
ac_cv_env_CXX_value=
ac_cv_env_LDFLAGS_set=set
ac_cv_env_LDFLAGS_value='-static-libgcc -static-libstdc++'
ac_cv_env_LIBS_set=
ac_cv_env_LIBS_value=
ac_cv_env_LT_SYS_LIBRARY_PATH_set=
ac_cv_env_LT_SYS_LIBRARY_PATH_value=
ac_cv_env_build_alias_set=
ac_cv_env_build_alias_value=
ac_cv_env_host_alias_set=set
ac_cv_env_host_alias_value=x86_64-w64-mingw32
ac_cv_env_target_alias_set=
ac_cv_env_target_alias_value=
ac_cv_exeext=.exe
ac_cv_header_dlfcn_h=no
ac_cv_header_inttypes_h=yes
ac_cv_header_memory_h=yes
ac_cv_header_shlobj_h=yes
ac_cv_header_stdc=yes
ac_cv_header_stdint_h=yes
ac_cv_header_stdlib_h=yes
ac_cv_header_string_h=yes
ac_cv_header_strings_h=yes
ac_cv_header_sys_stat_h=yes
ac_cv_header_sys_types_h=yes
ac_cv_header_unistd_h=yes
ac_cv_host=x86_64-w64-mingw32
ac_cv_objext=o
ac_cv_path_EGREP='/usr/bin/grep -E'
ac_cv_path_FGREP='/usr/bin/grep -F'
ac_cv_path_GREP=/usr/bin/grep
ac_cv_path_SED=/usr/bin/sed
ac_cv_path_install='/usr/bin/install -c'
ac_cv_path_lt_DD=/usr/bin/dd
ac_cv_path_mkdir=/usr/bin/mkdir
ac_cv_prog_AWK=gawk
ac_cv_prog_CC=x86_64-w64-mingw32-gcc
ac_cv_prog_CPP='x86_64-w64-mingw32-gcc -E'
ac_cv_prog_CXX=x86_64-w64-mingw32-g++
ac_cv_prog_CXXCPP='x86_64-w64-mingw32-g++ -E'
ac_cv_prog_STRIP=strip
ac_cv_prog_WINDRES=x86_64-w64-mingw32-windres
ac_cv_prog_ac_ct_AR=ar
ac_cv_prog_ac_ct_DLLTOOL=dlltool
ac_cv_prog_ac_ct_DUMPBIN='link -dump'
ac_cv_prog_ac_ct_OBJDUMP=objdump
ac_cv_prog_ac_ct_RANLIB=ranlib
ac_cv_prog_ac_ct_STRIP=strip
ac_cv_prog_cc_c89=
ac_cv_prog_cc_g=yes
ac_cv_prog_cxx_g=yes
ac_cv_prog_make_make_set=yes
am_cv_CC_dependencies_compiler_type=gcc3
am_cv_CXX_dependencies_compiler_type=gcc3
am_cv_make_support_nested_variables=yes
am_cv_prog_cc_c_o=yes
ax_cv_check_ldflags___Wl___dynamicbase=yes
ax_cv_check_ldflags___Wl___major_os_version__Wl_6=yes
ax_cv_check_ldflags___Wl___major_subsystem_version__Wl_6=yes
ax_cv_check_ldflags___Wl___minor_os_version__Wl_0=yes
ax_cv_check_ldflags___Wl___minor_subsystem_version__Wl_0=yes
ax_cv_check_ldflags___Wl___nxcompat=yes
lt_cv_ar_at_file=@
lt_cv_archive_cmds_need_lc=yes
lt_cv_deplibs_check_method='file_magic ^x86 archive import|^x86 DLL'
lt_cv_file_magic_cmd=func_win32_libid
lt_cv_file_magic_test_file=
lt_cv_ld_reload_flag=-r
lt_cv_nm_interface='BSD nm'
lt_cv_objdir=.libs
lt_cv_path_LD=C:/tmp/msys64/mingw64/x86_64-w64-mingw32/bin/ld.exe
lt_cv_path_LDCXX=C:/tmp/msys64/mingw64/x86_64-w64-mingw32/bin/ld.exe
lt_cv_path_NM=no
lt_cv_path_mainfest_tool=no
lt_cv_prog_compiler_c_o=yes
lt_cv_prog_compiler_c_o_CXX=yes
lt_cv_prog_compiler_pic='-DDLL_EXPORT -DPIC'
lt_cv_prog_compiler_pic_CXX='-DDLL_EXPORT -DPIC'
lt_cv_prog_compiler_pic_works=yes
lt_cv_prog_compiler_pic_works_CXX=yes
lt_cv_prog_compiler_rtti_exceptions=no
lt_cv_prog_compiler_static_works=yes
lt_cv_prog_compiler_static_works_CXX=yes
lt_cv_prog_gnu_ld=yes
lt_cv_prog_gnu_ldcxx=yes
lt_cv_sharedlib_from_linklib_cmd=func_cygming_dll_for_implib
lt_cv_sys_global_symbol_pipe='sed -n -e '\''s/^.*[	 ]\([ABCDGIRSTW][ABCDGIRSTW]*\)[	 ][	 ]*\([_A-Za-z][_A-Za-z0-9]*\)$/\1 \2 \2/p'\'' | sed '\''/ __gnu_lto/d'\'''
lt_cv_sys_global_symbol_to_c_name_address='sed -n -e '\''s/^: \(.*\) .*$/  {"\1", (void *) 0},/p'\'' -e '\''s/^[ABCDGIRSTW][ABCDGIRSTW]* .* \(.*\)$/  {"\1", (void *) \&\1},/p'\'''
lt_cv_sys_global_symbol_to_c_name_address_lib_prefix='sed -n -e '\''s/^: \(.*\) .*$/  {"\1", (void *) 0},/p'\'' -e '\''s/^[ABCDGIRSTW][ABCDGIRSTW]* .* \(lib.*\)$/  {"\1", (void *) \&\1},/p'\'' -e '\''s/^[ABCDGIRSTW][ABCDGIRSTW]* .* \(.*\)$/  {"lib\1", (void *) \&\1},/p'\'''
lt_cv_sys_global_symbol_to_cdecl='sed -n -e '\''s/^T .* \(.*\)$/extern int \1();/p'\'' -e '\''s/^[ABCDGIRSTW][ABCDGIRSTW]* .* \(.*\)$/extern char \1;/p'\'''
lt_cv_sys_global_symbol_to_import=
lt_cv_sys_max_cmd_len=8192
lt_cv_to_host_file_cmd=func_convert_file_cygwin_to_w32
lt_cv_to_tool_file_cmd=func_convert_file_noop
lt_cv_truncate_bin='/usr/bin/dd bs=4096 count=1'

## ----------------- ##
## Output variables. ##
## ----------------- ##

ACLOCAL='${SHELL} /home/alex_buz/filezilla/config/missing aclocal-1.15'
AMDEPBACKSLASH='\'
AMDEP_FALSE='#'
AMDEP_TRUE=''
AMTAR='$${TAR-tar}'
AM_BACKSLASH='\'
AM_DEFAULT_V='$(AM_DEFAULT_VERBOSITY)'
AM_DEFAULT_VERBOSITY='1'
AM_V='$(V)'
AR='ar'
AUTOCONF='${SHELL} /home/alex_buz/filezilla/config/missing autoconf'
AUTOHEADER='${SHELL} /home/alex_buz/filezilla/config/missing autoheader'
AUTOMAKE='${SHELL} /home/alex_buz/filezilla/config/missing automake-1.15'
AWK='gawk'
BUILD_SHELLEXT_FALSE=''
BUILD_SHELLEXT_TRUE='#'
CC='x86_64-w64-mingw32-gcc'
CCDEPMODE='depmode=gcc3'
CFLAGS='-g -O2 -Wall -g'
CPP='x86_64-w64-mingw32-gcc -E'
CPPFLAGS=''
CXX='x86_64-w64-mingw32-g++'
CXXCPP='x86_64-w64-mingw32-g++ -E'
CXXDEPMODE='depmode=gcc3'
CXXFLAGS='-g -O2 -Wall -g'
CYGPATH_W='cygpath -w'
DEFS='-DHAVE_CONFIG_H'
DEPDIR='.deps'
DLLTOOL='dlltool'
DSYMUTIL=''
DUMPBIN=':'
ECHO_C=''
ECHO_N='-n'
ECHO_T=''
EGREP='/usr/bin/grep -E'
EXEEXT='.exe'
FGREP='/usr/bin/grep -F'
GREP='/usr/bin/grep'
HAVE_CXX14=''
INSTALL_DATA='${INSTALL} -m 644'
INSTALL_PROGRAM='${INSTALL}'
INSTALL_SCRIPT='${INSTALL}'
INSTALL_STRIP_PROGRAM='$(install_sh) -c -s'
LD='C:/tmp/msys64/mingw64/x86_64-w64-mingw32/bin/ld.exe'
LDFLAGS='-static-libgcc -static-libstdc++ -Wl,--dynamicbase -Wl,--nxcompat -Wl,--major-subsystem-version -Wl,6 -Wl,--minor-subsystem-version -Wl,0 -Wl,--major-os-version -Wl,6 -Wl,--minor-os-version -Wl,0'
LIBOBJS=''
LIBS=''
LIBTOOL='$(SHELL) $(top_builddir)/libtool'
LIPO=''
LN_S='cp -pR'
LTLIBOBJS=''
LT_SYS_LIBRARY_PATH=''
MAKEINFO='${SHELL} /home/alex_buz/filezilla/config/missing makeinfo'
MANIFEST_TOOL=':'
MKDIR_P='/usr/bin/mkdir -p'
NM='nm'
NMEDIT=''
OBJDUMP='objdump'
OBJEXT='o'
OTOOL64=''
OTOOL=''
PACKAGE='fzshellext'
PACKAGE_BUGREPORT='tim.kosse@filezilla-project.org'
PACKAGE_NAME='fzshellext'
PACKAGE_STRING='fzshellext 0.0.0'
PACKAGE_TARNAME='fzshellext'
PACKAGE_URL='https://filezilla-project.org/'
PACKAGE_VERSION='0.0.0'
PATH_SEPARATOR=':'
RANLIB='ranlib'
SED='/usr/bin/sed'
SET_MAKE=''
SHELL='/bin/sh'
STRIP='strip'
USE_RESOURCEFILE_FALSE='#'
USE_RESOURCEFILE_TRUE=''
VERSION='0.0.0'
WINDRES='x86_64-w64-mingw32-windres'
WINDRESFLAGS=''
ac_ct_AR='ar'
ac_ct_CC=''
ac_ct_CXX=''
ac_ct_DUMPBIN='link -dump'
am__EXEEXT_FALSE='#'
am__EXEEXT_TRUE=''
am__fastdepCC_FALSE='#'
am__fastdepCC_TRUE=''
am__fastdepCXX_FALSE='#'
am__fastdepCXX_TRUE=''
am__include='include'
am__isrc=' -I$(srcdir)'
am__leading_dot='.'
am__nodep='_no'
am__quote=''
am__tar='$${TAR-tar} chof - "$$tardir"'
am__untar='$${TAR-tar} xf -'
bindir='${exec_prefix}/bin'
build='x86_64-pc-msys'
build_alias='x86_64-pc-msys'
build_cpu='x86_64'
build_os='msys'
build_vendor='pc'
datadir='${datarootdir}'
datarootdir='${prefix}/share'
docdir='${datarootdir}/doc/${PACKAGE_TARNAME}'
dvidir='${docdir}'
exec_prefix='${prefix}'
host='x86_64-w64-mingw32'
host_alias='x86_64-w64-mingw32'
host_cpu='x86_64'
host_os='mingw32'
host_vendor='w64'
htmldir='${docdir}'
includedir='${prefix}/include'
infodir='${datarootdir}/info'
install_sh='${SHELL} /home/alex_buz/filezilla/config/install-sh'
libdir='${exec_prefix}/lib'
libexecdir='${exec_prefix}/libexec'
localedir='${datarootdir}/locale'
localstatedir='${prefix}/var'
mandir='${datarootdir}/man'
mkdir_p='$(MKDIR_P)'
oldincludedir='/usr/include'
pdfdir='${docdir}'
prefix='/usr'
program_transform_name='s,x,x,'
psdir='${docdir}'
sbindir='${exec_prefix}/sbin'
sharedstatedir='${prefix}/com'
sysconfdir='${prefix}/etc'
target_alias=''

## ----------- ##
## confdefs.h. ##
## ----------- ##

/* confdefs.h */
#define PACKAGE_NAME "fzshellext"
#define PACKAGE_TARNAME "fzshellext"
#define PACKAGE_VERSION "0.0.0"
#define PACKAGE_STRING "fzshellext 0.0.0"
#define PACKAGE_BUGREPORT "tim.kosse@filezilla-project.org"
#define PACKAGE_URL "https://filezilla-project.org/"
#define PACKAGE "fzshellext"
#define VERSION "0.0.0"
#define STDC_HEADERS 1
#define HAVE_SYS_TYPES_H 1
#define HAVE_SYS_STAT_H 1
#define HAVE_STDLIB_H 1
#define HAVE_STRING_H 1
#define HAVE_MEMORY_H 1
#define HAVE_STRINGS_H 1
#define HAVE_INTTYPES_H 1
#define HAVE_STDINT_H 1
#define HAVE_UNISTD_H 1
#define LT_OBJDIR ".libs/"
#define HAVE_ICOPYHOOKW 1

configure: exit 0
